<?xml version="1.0" encoding="UTF-8"?>
<!-- Generated by org.testng.reporters.JUnitReportReporter -->
<testsuite hostname="DESKTOP-9E7DCEV" failures="0" tests="2" name="Amazonfram.Keywords$Assertions" time="0.004" errors="0" timestamp="2022-05-24T13:13:08 IST" skipped="0">
  <testcase classname="Amazonfram.Keywords$Assertions" name="test1" time="0.002"/>
  <system-out/>
  <testcase classname="Amazonfram.Keywords$Assertions" name="test" time="0.002"/>
  <system-out/>
</testsuite> <!-- Amazonfram.Keywords$Assertions -->
