<?xml version="1.0" encoding="UTF-8"?>
<!-- Generated by org.testng.reporters.JUnitReportReporter -->
<testsuite hostname="DESKTOP-9E7DCEV" failures="0" tests="2" name="Amazonfram.Amazontestng" time="23.301" errors="0" timestamp="2022-05-24T11:47:21 IST" skipped="0">
  <testcase classname="Amazonfram.Amazontestng" name="verifygiftcards" time="9.510"/>
  <system-out/>
  <testcase classname="Amazonfram.Amazontestng" name="verifyregistry" time="13.791"/>
  <system-out/>
</testsuite> <!-- Amazonfram.Amazontestng -->
