<?xml version="1.0" encoding="UTF-8"?>
<!-- Generated by org.testng.reporters.JUnitReportReporter -->
<testsuite hostname="DESKTOP-9E7DCEV" failures="0" tests="2" name="Amazonfram.Assertions" time="0.009" errors="0" timestamp="2022-05-24T13:13:08 IST" skipped="0">
  <testcase classname="Amazonfram.Assertions" name="testB" time="0.003"/>
  <system-out/>
  <testcase classname="Amazonfram.Assertions" name="testA" time="0.006"/>
  <system-out/>
</testsuite> <!-- Amazonfram.Assertions -->
